0 info it worked if it ends with ok
1 verbose cli [ '/Users/chris/.nvm/versions/node/v6.11.2/bin/node',
1 verbose cli   '/Users/chris/.nvm/versions/node/v6.11.2/bin/npm',
1 verbose cli   'run',
1 verbose cli   'seed' ]
2 info using npm@3.10.10
3 info using node@v6.11.2
4 verbose run-script [ 'preseed', 'seed', 'postseed' ]
5 info lifecycle Reviews@1.0.0~preseed: Reviews@1.0.0
6 silly lifecycle Reviews@1.0.0~preseed: no script for preseed, continuing
7 info lifecycle Reviews@1.0.0~seed: Reviews@1.0.0
8 verbose lifecycle Reviews@1.0.0~seed: unsafe-perm in lifecycle true
9 verbose lifecycle Reviews@1.0.0~seed: PATH: /Users/chris/.nvm/versions/node/v6.11.2/lib/node_modules/npm/bin/node-gyp-bin:/Users/chris/code/reviewModule/Reviews-Module/node_modules/.bin:/Users/chris/.nvm/versions/node/v6.11.2/bin:/usr/local/bin:/usr/bin:/bin:/usr/sbin:/sbin
10 verbose lifecycle Reviews@1.0.0~seed: CWD: /Users/chris/code/reviewModule/Reviews-Module
11 silly lifecycle Reviews@1.0.0~seed: Args: [ '-c', 'node ./seed/dataGenerator.js' ]
12 silly lifecycle Reviews@1.0.0~seed: Returned: code: 1  signal: null
13 info lifecycle Reviews@1.0.0~seed: Failed to exec seed script
14 verbose stack Error: Reviews@1.0.0 seed: `node ./seed/dataGenerator.js`
14 verbose stack Exit status 1
14 verbose stack     at EventEmitter.<anonymous> (/Users/chris/.nvm/versions/node/v6.11.2/lib/node_modules/npm/lib/utils/lifecycle.js:255:16)
14 verbose stack     at emitTwo (events.js:106:13)
14 verbose stack     at EventEmitter.emit (events.js:191:7)
14 verbose stack     at ChildProcess.<anonymous> (/Users/chris/.nvm/versions/node/v6.11.2/lib/node_modules/npm/lib/utils/spawn.js:40:14)
14 verbose stack     at emitTwo (events.js:106:13)
14 verbose stack     at ChildProcess.emit (events.js:191:7)
14 verbose stack     at maybeClose (internal/child_process.js:891:16)
14 verbose stack     at Process.ChildProcess._handle.onexit (internal/child_process.js:226:5)
15 verbose pkgid Reviews@1.0.0
16 verbose cwd /Users/chris/code/reviewModule/Reviews-Module
17 error Darwin 17.6.0
18 error argv "/Users/chris/.nvm/versions/node/v6.11.2/bin/node" "/Users/chris/.nvm/versions/node/v6.11.2/bin/npm" "run" "seed"
19 error node v6.11.2
20 error npm  v3.10.10
21 error code ELIFECYCLE
22 error Reviews@1.0.0 seed: `node ./seed/dataGenerator.js`
22 error Exit status 1
23 error Failed at the Reviews@1.0.0 seed script 'node ./seed/dataGenerator.js'.
23 error Make sure you have the latest version of node.js and npm installed.
23 error If you do, this is most likely a problem with the Reviews package,
23 error not with npm itself.
23 error Tell the author that this fails on your system:
23 error     node ./seed/dataGenerator.js
23 error You can get information on how to open an issue for this project with:
23 error     npm bugs Reviews
23 error Or if that isn't available, you can get their info via:
23 error     npm owner ls Reviews
23 error There is likely additional logging output above.
24 verbose exit [ 1, true ]
